2025-07-14 09:56:32.197 [main] INFO  com.course.Application - Starting Application using Java 17.0.9 with PID 19632 (C:\Users\87389\IdeaProjects\AutoTest\Chapter13\target\classes started by 87389 in C:\Users\87389\IdeaProjects\AutoTest)
2025-07-14 09:56:32.202 [main] INFO  com.course.Application - No active profile set, falling back to 1 default profile: "default"
2025-07-14 09:56:33.271 [main] WARN  org.mybatis.spring.mapper.ClassPathMapperScanner - No MyBatis mapper was found in '[com.course.mapper]' package. Please check your configuration.
2025-07-14 09:56:33.822 [main] INFO  org.springframework.boot.web.embedded.tomcat.TomcatWebServer - Tomcat initialized with port(s): 8888 (http)
2025-07-14 09:56:33.835 [main] INFO  org.apache.catalina.core.StandardService - Starting service [Tomcat]
2025-07-14 09:56:33.835 [main] INFO  org.apache.catalina.core.StandardEngine - Starting Servlet engine: [Apache Tomcat/10.1.15]
2025-07-14 09:56:33.966 [main] INFO  org.apache.catalina.core.ContainerBase.[Tomcat].[localhost].[/] - Initializing Spring embedded WebApplicationContext
2025-07-14 09:56:33.967 [main] INFO  org.springframework.boot.web.servlet.context.ServletWebServerApplicationContext - Root WebApplicationContext: initialization completed in 1683 ms
2025-07-14 09:56:35.015 [main] INFO  org.springframework.boot.web.embedded.tomcat.TomcatWebServer - Tomcat started on port(s): 8888 (http) with context path ''
2025-07-14 09:56:35.029 [main] INFO  com.course.Application - Started Application in 3.594 seconds (process running for 4.229)
2025-07-14 09:56:46.146 [http-nio-8888-exec-1] INFO  org.apache.catalina.core.ContainerBase.[Tomcat].[localhost].[/] - Initializing Spring DispatcherServlet 'dispatcherServlet'
2025-07-14 09:56:46.146 [http-nio-8888-exec-1] INFO  org.springframework.web.servlet.DispatcherServlet - Initializing Servlet 'dispatcherServlet'
2025-07-14 09:56:46.148 [http-nio-8888-exec-1] INFO  org.springframework.web.servlet.DispatcherServlet - Completed initialization in 1 ms
2025-07-14 09:56:46.274 [http-nio-8888-exec-1] INFO  com.zaxxer.hikari.HikariDataSource - HikariPool-1 - Starting...
2025-07-14 09:56:46.676 [http-nio-8888-exec-1] INFO  com.zaxxer.hikari.pool.HikariPool - HikariPool-1 - Added connection com.mysql.cj.jdbc.ConnectionImpl@73161fa2
2025-07-14 09:56:46.679 [http-nio-8888-exec-1] INFO  com.zaxxer.hikari.HikariDataSource - HikariPool-1 - Start completed.
2025-07-14 09:56:46.739 [http-nio-8888-exec-1] INFO  com.course.controller.UserManager - 用户登录验证结果: count=1, username=login
2025-07-14 09:56:46.741 [http-nio-8888-exec-1] INFO  com.course.controller.UserManager - 用户登录成功: username=login
2025-07-14 09:56:46.846 [http-nio-8888-exec-2] INFO  com.course.controller.UserManager - 用户登录验证结果: count=1, username=SenAuto001
2025-07-14 09:56:46.846 [http-nio-8888-exec-2] INFO  com.course.controller.UserManager - 用户登录成功: username=SenAuto001
2025-07-14 09:56:46.925 [http-nio-8888-exec-3] INFO  com.course.controller.UserManager - cookies为空
2025-07-14 09:56:46.926 [http-nio-8888-exec-3] WARN  com.course.controller.UserManager - 未授权的访问尝试，用户: login
2025-07-14 09:56:48.984 [http-nio-8888-exec-4] INFO  com.course.controller.UserManager - cookies为空
2025-07-14 09:56:49.005 [http-nio-8888-exec-4] INFO  com.course.controller.UserManager - 获取用户的数量是：1
2025-07-14 09:56:51.065 [http-nio-8888-exec-5] INFO  com.course.controller.UserManager - cookies为空
2025-07-14 09:56:51.069 [http-nio-8888-exec-5] INFO  com.course.controller.UserManager - 用户更新成功，ID: 1, 影响行数: 1
2025-07-14 09:56:53.131 [http-nio-8888-exec-6] INFO  com.course.controller.UserManager - cookies为空
2025-07-14 09:56:53.133 [http-nio-8888-exec-6] INFO  com.course.controller.UserManager - 用户更新成功，ID: 2, 影响行数: 1
2025-07-14 09:57:46.332 [SpringApplicationShutdownHook] INFO  com.zaxxer.hikari.HikariDataSource - HikariPool-1 - Shutdown initiated...
2025-07-14 09:57:46.342 [SpringApplicationShutdownHook] INFO  com.zaxxer.hikari.HikariDataSource - HikariPool-1 - Shutdown completed.
